warn: DRAM device capacity (8192 Mbytes) does not match the address range assigned (512 Mbytes)
panic: panic condition fd < 0 occurred: Failed to open file /home/ppetrica/Workspace/gem5/configs/learning_gem5/part3/../../../tests/coremark-pro/builds/linux64/gcc64/bin/data.exe.
Memory Usage: 617644 KBytes
Program aborted at tick 0
--- BEGIN LIBC BACKTRACE ---
/home/ppetrica/Workspace/gem5/build/X86_MOSI/gem5.opt(+0x850ef0)[0x55d2ada84ef0]
/home/ppetrica/Workspace/gem5/build/X86_MOSI/gem5.opt(+0x86542e)[0x55d2ada9942e]
/lib/x86_64-linux-gnu/libpthread.so.0(+0x153c0)[0x7f67d5a453c0]
/lib/x86_64-linux-gnu/libc.so.6(gsignal+0xcb)[0x7f67d502118b]
/lib/x86_64-linux-gnu/libc.so.6(abort+0x12b)[0x7f67d5000859]
/home/ppetrica/Workspace/gem5/build/X86_MOSI/gem5.opt(+0x4ce705)[0x55d2ad702705]
/home/ppetrica/Workspace/gem5/build/X86_MOSI/gem5.opt(+0x14d931b)[0x55d2ae70d31b]
/home/ppetrica/Workspace/gem5/build/X86_MOSI/gem5.opt(+0x14d99c6)[0x55d2ae70d9c6]
/home/ppetrica/Workspace/gem5/build/X86_MOSI/gem5.opt(+0x8a63dc)[0x55d2adada3dc]
/home/ppetrica/Workspace/gem5/build/X86_MOSI/gem5.opt(+0x68f5d3)[0x55d2ad8c35d3]
/home/ppetrica/Workspace/gem5/build/X86_MOSI/gem5.opt(+0x2ca6d1)[0x55d2ad4fe6d1]
/lib/x86_64-linux-gnu/libpython3.8.so.1.0(+0x2a8408)[0x7f67d5cfb408]
/lib/x86_64-linux-gnu/libpython3.8.so.1.0(_PyObject_MakeTpCall+0xab)[0x7f67d5cfb7db]
/lib/x86_64-linux-gnu/libpython3.8.so.1.0(+0x2a8aa0)[0x7f67d5cfbaa0]
/lib/x86_64-linux-gnu/libpython3.8.so.1.0(+0x74d6d)[0x7f67d5ac7d6d]
/lib/x86_64-linux-gnu/libpython3.8.so.1.0(_PyEval_EvalFrameDefault+0x7d86)[0x7f67d5acfef6]
/lib/x86_64-linux-gnu/libpython3.8.so.1.0(+0x8006b)[0x7f67d5ad306b]
/lib/x86_64-linux-gnu/libpython3.8.so.1.0(+0x2a8a6a)[0x7f67d5cfba6a]
/lib/x86_64-linux-gnu/libpython3.8.so.1.0(+0x74d6d)[0x7f67d5ac7d6d]
/lib/x86_64-linux-gnu/libpython3.8.so.1.0(_PyEval_EvalFrameDefault+0x7d86)[0x7f67d5acfef6]
/lib/x86_64-linux-gnu/libpython3.8.so.1.0(+0x8006b)[0x7f67d5ad306b]
/lib/x86_64-linux-gnu/libpython3.8.so.1.0(+0x2a8a6a)[0x7f67d5cfba6a]
/lib/x86_64-linux-gnu/libpython3.8.so.1.0(+0x74d6d)[0x7f67d5ac7d6d]
/lib/x86_64-linux-gnu/libpython3.8.so.1.0(_PyEval_EvalFrameDefault+0x7d86)[0x7f67d5acfef6]
/lib/x86_64-linux-gnu/libpython3.8.so.1.0(_PyEval_EvalCodeWithName+0x8fb)[0x7f67d5c1dd3b]
/lib/x86_64-linux-gnu/libpython3.8.so.1.0(_PyFunction_Vectorcall+0x94)[0x7f67d5cfade4]
/lib/x86_64-linux-gnu/libpython3.8.so.1.0(+0x74d6d)[0x7f67d5ac7d6d]
/lib/x86_64-linux-gnu/libpython3.8.so.1.0(_PyEval_EvalFrameDefault+0x12fd)[0x7f67d5ac946d]
/lib/x86_64-linux-gnu/libpython3.8.so.1.0(+0x8006b)[0x7f67d5ad306b]
/lib/x86_64-linux-gnu/libpython3.8.so.1.0(+0x74d6d)[0x7f67d5ac7d6d]
/lib/x86_64-linux-gnu/libpython3.8.so.1.0(_PyEval_EvalFrameDefault+0xea8)[0x7f67d5ac9018]
/lib/x86_64-linux-gnu/libpython3.8.so.1.0(+0x8006b)[0x7f67d5ad306b]
--- END LIBC BACKTRACE ---
