warn: DRAM device capacity (8192 Mbytes) does not match the address range assigned (512 Mbytes)
panic: panic condition fd < 0 occurred: Failed to open file /home/ppetrica/Workspace/gem5/configs/learning_gem5/part3/../../../tests/coremark-pro/builds/linux64/gcc64/bin/data.exe.
Memory Usage: 617556 KBytes
Program aborted at tick 0
--- BEGIN LIBC BACKTRACE ---
/home/ppetrica/Workspace/gem5/build/X86_MI/gem5.opt(+0x13db910)[0x55aabee40910]
/home/ppetrica/Workspace/gem5/build/X86_MI/gem5.opt(+0x13efe4e)[0x55aabee54e4e]
/lib/x86_64-linux-gnu/libpthread.so.0(+0x153c0)[0x7f64a00013c0]
/lib/x86_64-linux-gnu/libc.so.6(gsignal+0xcb)[0x7f649f5dd18b]
/lib/x86_64-linux-gnu/libc.so.6(abort+0x12b)[0x7f649f5bc859]
/home/ppetrica/Workspace/gem5/build/X86_MI/gem5.opt(+0x2c3325)[0x55aabdd28325]
/home/ppetrica/Workspace/gem5/build/X86_MI/gem5.opt(+0xd1099b)[0x55aabe77599b]
/home/ppetrica/Workspace/gem5/build/X86_MI/gem5.opt(+0xd11046)[0x55aabe776046]
/home/ppetrica/Workspace/gem5/build/X86_MI/gem5.opt(+0x1430dfc)[0x55aabee95dfc]
/home/ppetrica/Workspace/gem5/build/X86_MI/gem5.opt(+0x1267143)[0x55aabeccc143]
/home/ppetrica/Workspace/gem5/build/X86_MI/gem5.opt(+0x2fbddf)[0x55aabdd60ddf]
/lib/x86_64-linux-gnu/libpython3.8.so.1.0(+0x2a8408)[0x7f64a02b7408]
/lib/x86_64-linux-gnu/libpython3.8.so.1.0(_PyObject_MakeTpCall+0xab)[0x7f64a02b77db]
/lib/x86_64-linux-gnu/libpython3.8.so.1.0(+0x2a8aa0)[0x7f64a02b7aa0]
/lib/x86_64-linux-gnu/libpython3.8.so.1.0(+0x74d6d)[0x7f64a0083d6d]
/lib/x86_64-linux-gnu/libpython3.8.so.1.0(_PyEval_EvalFrameDefault+0x7d86)[0x7f64a008bef6]
/lib/x86_64-linux-gnu/libpython3.8.so.1.0(+0x8006b)[0x7f64a008f06b]
/lib/x86_64-linux-gnu/libpython3.8.so.1.0(+0x2a8a6a)[0x7f64a02b7a6a]
/lib/x86_64-linux-gnu/libpython3.8.so.1.0(+0x74d6d)[0x7f64a0083d6d]
/lib/x86_64-linux-gnu/libpython3.8.so.1.0(_PyEval_EvalFrameDefault+0x7d86)[0x7f64a008bef6]
/lib/x86_64-linux-gnu/libpython3.8.so.1.0(+0x8006b)[0x7f64a008f06b]
/lib/x86_64-linux-gnu/libpython3.8.so.1.0(+0x2a8a6a)[0x7f64a02b7a6a]
/lib/x86_64-linux-gnu/libpython3.8.so.1.0(+0x74d6d)[0x7f64a0083d6d]
/lib/x86_64-linux-gnu/libpython3.8.so.1.0(_PyEval_EvalFrameDefault+0x7d86)[0x7f64a008bef6]
/lib/x86_64-linux-gnu/libpython3.8.so.1.0(_PyEval_EvalCodeWithName+0x8fb)[0x7f64a01d9d3b]
/lib/x86_64-linux-gnu/libpython3.8.so.1.0(_PyFunction_Vectorcall+0x94)[0x7f64a02b6de4]
/lib/x86_64-linux-gnu/libpython3.8.so.1.0(+0x74d6d)[0x7f64a0083d6d]
/lib/x86_64-linux-gnu/libpython3.8.so.1.0(_PyEval_EvalFrameDefault+0x12fd)[0x7f64a008546d]
/lib/x86_64-linux-gnu/libpython3.8.so.1.0(+0x8006b)[0x7f64a008f06b]
/lib/x86_64-linux-gnu/libpython3.8.so.1.0(+0x74d6d)[0x7f64a0083d6d]
/lib/x86_64-linux-gnu/libpython3.8.so.1.0(_PyEval_EvalFrameDefault+0xea8)[0x7f64a0085018]
/lib/x86_64-linux-gnu/libpython3.8.so.1.0(+0x8006b)[0x7f64a008f06b]
--- END LIBC BACKTRACE ---
